{"C:\\Users\\Yosha\\Documents\\Wits\\2022\\Software Design\\Project\\Program Files\\insert_title\\src\\utils\\registration.js": {"path":"C:\\Users\\Yosha\\Documents\\Wits\\2022\\Software Design\\Project\\Program Files\\insert_title\\src\\utils\\registration.js","statementMap":{"0":{"start":{"line":5,"column":13},"end":{"line":5,"column":32}},"1":{"start":{"line":6,"column":13},"end":{"line":6,"column":31}},"2":{"start":{"line":7,"column":12},"end":{"line":7,"column":25}},"3":{"start":{"line":8,"column":14},"end":{"line":8,"column":36}},"4":{"start":{"line":9,"column":15},"end":{"line":9,"column":31}},"5":{"start":{"line":10,"column":17},"end":{"line":10,"column":35}},"6":{"start":{"line":11,"column":19},"end":{"line":11,"column":43}},"7":{"start":{"line":14,"column":14},"end":{"line":14,"column":104}},"8":{"start":{"line":15,"column":1},"end":{"line":15,"column":15}},"9":{"start":{"line":18,"column":17},"end":{"line":61,"column":1}},"10":{"start":{"line":20,"column":12},"end":{"line":20,"column":16}},"11":{"start":{"line":21,"column":22},"end":{"line":21,"column":38}},"12":{"start":{"line":23,"column":1},"end":{"line":25,"column":2}},"13":{"start":{"line":24,"column":2},"end":{"line":24,"column":15}},"14":{"start":{"line":27,"column":1},"end":{"line":29,"column":2}},"15":{"start":{"line":28,"column":2},"end":{"line":28,"column":15}},"16":{"start":{"line":31,"column":1},"end":{"line":33,"column":2}},"17":{"start":{"line":32,"column":2},"end":{"line":32,"column":15}},"18":{"start":{"line":35,"column":1},"end":{"line":37,"column":2}},"19":{"start":{"line":36,"column":2},"end":{"line":36,"column":15}},"20":{"start":{"line":39,"column":1},"end":{"line":41,"column":2}},"21":{"start":{"line":40,"column":2},"end":{"line":40,"column":15}},"22":{"start":{"line":43,"column":1},"end":{"line":45,"column":2}},"23":{"start":{"line":44,"column":2},"end":{"line":44,"column":15}},"24":{"start":{"line":47,"column":9},"end":{"line":47,"column":19}},"25":{"start":{"line":48,"column":16},"end":{"line":48,"column":30}},"26":{"start":{"line":49,"column":1},"end":{"line":51,"column":2}},"27":{"start":{"line":50,"column":2},"end":{"line":50,"column":15}},"28":{"start":{"line":52,"column":1},"end":{"line":60,"column":2}},"29":{"start":{"line":53,"column":2},"end":{"line":53,"column":14}},"30":{"start":{"line":56,"column":2},"end":{"line":56,"column":25}},"31":{"start":{"line":57,"column":16},"end":{"line":57,"column":98}},"32":{"start":{"line":58,"column":8},"end":{"line":58,"column":31}},"33":{"start":{"line":59,"column":2},"end":{"line":59,"column":14}}},"fnMap":{"0":{"name":"performRegistration","decl":{"start":{"line":3,"column":30},"end":{"line":3,"column":49}},"loc":{"start":{"line":3,"column":71},"end":{"line":16,"column":1}},"line":3},"1":{"name":"(anonymous_1)","decl":{"start":{"line":18,"column":17},"end":{"line":18,"column":18}},"loc":{"start":{"line":18,"column":94},"end":{"line":61,"column":1}},"line":18}},"branchMap":{"0":{"loc":{"start":{"line":23,"column":1},"end":{"line":25,"column":2}},"type":"if","locations":[{"start":{"line":23,"column":1},"end":{"line":25,"column":2}},{"start":{},"end":{}}],"line":23},"1":{"loc":{"start":{"line":27,"column":1},"end":{"line":29,"column":2}},"type":"if","locations":[{"start":{"line":27,"column":1},"end":{"line":29,"column":2}},{"start":{},"end":{}}],"line":27},"2":{"loc":{"start":{"line":31,"column":1},"end":{"line":33,"column":2}},"type":"if","locations":[{"start":{"line":31,"column":1},"end":{"line":33,"column":2}},{"start":{},"end":{}}],"line":31},"3":{"loc":{"start":{"line":35,"column":1},"end":{"line":37,"column":2}},"type":"if","locations":[{"start":{"line":35,"column":1},"end":{"line":37,"column":2}},{"start":{},"end":{}}],"line":35},"4":{"loc":{"start":{"line":39,"column":1},"end":{"line":41,"column":2}},"type":"if","locations":[{"start":{"line":39,"column":1},"end":{"line":41,"column":2}},{"start":{},"end":{}}],"line":39},"5":{"loc":{"start":{"line":43,"column":1},"end":{"line":45,"column":2}},"type":"if","locations":[{"start":{"line":43,"column":1},"end":{"line":45,"column":2}},{"start":{},"end":{}}],"line":43},"6":{"loc":{"start":{"line":49,"column":1},"end":{"line":51,"column":2}},"type":"if","locations":[{"start":{"line":49,"column":1},"end":{"line":51,"column":2}},{"start":{},"end":{}}],"line":49},"7":{"loc":{"start":{"line":52,"column":1},"end":{"line":60,"column":2}},"type":"if","locations":[{"start":{"line":52,"column":1},"end":{"line":60,"column":2}},{"start":{"line":55,"column":6},"end":{"line":60,"column":2}}],"line":52}},"s":{"0":14,"1":14,"2":14,"3":14,"4":14,"5":14,"6":14,"7":14,"8":14,"9":1,"10":14,"11":14,"12":14,"13":1,"14":14,"15":1,"16":14,"17":13,"18":14,"19":2,"20":14,"21":2,"22":14,"23":2,"24":14,"25":14,"26":14,"27":1,"28":14,"29":1,"30":13,"31":13,"32":13,"33":13},"f":{"0":14,"1":14},"b":{"0":[1,13],"1":[1,13],"2":[13,1],"3":[2,12],"4":[2,12],"5":[2,12],"6":[1,13],"7":[1,13]},"_coverageSchema":"1a1c01bbd47fc00a2c39e90264f33305004495a9","hash":"6c450cb6b1f3978236b2772af299d7468ed1b275"}
}
